{"contracts/Escrow.sol":{"l":{"60":0,"61":0,"65":0,"66":0,"70":0,"71":0,"75":0,"76":0,"81":0,"82":0,"83":0,"84":0,"86":0,"88":0,"99":0,"107":0,"114":0,"116":0,"118":0,"124":0,"126":0,"128":0,"130":0,"132":0,"134":0,"135":0,"137":0,"143":0,"145":0,"148":0,"150":0,"156":0,"158":0,"161":0,"162":0,"164":0,"165":0,"167":0,"168":0,"170":0,"177":0,"178":0,"180":0,"181":0,"183":0,"184":0,"186":0,"187":0,"189":0,"196":0,"200":0,"204":0},"path":"/Users/hirushafernando/Documents/Solidity_Blockchain/Decentralised-Milestone-Payment-System/contracts/Escrow.sol","s":{"1":0,"2":0,"3":0,"4":0,"5":0,"6":0,"7":0,"8":0,"9":0,"10":0,"11":0,"12":0,"13":0,"14":0,"15":0,"16":0,"17":0,"18":0,"19":0,"20":0,"21":0,"22":0,"23":0,"24":0,"25":0,"26":0,"27":0,"28":0,"29":0,"30":0,"31":0,"32":0,"33":0,"34":0},"b":{"1":[0,0],"2":[0,0],"3":[0,0],"4":[0,0],"5":[0,0],"6":[0,0],"7":[0,0],"8":[0,0],"9":[0,0],"10":[0,0],"11":[0,0],"12":[0,0],"13":[0,0],"14":[0,0],"15":[0,0],"16":[0,0],"17":[0,0],"18":[0,0],"19":[0,0],"20":[0,0],"21":[0,0],"22":[0,0],"23":[0,0],"24":[0,0],"25":[0,0],"26":[0,0],"27":[0,0]},"f":{"1":0,"2":0,"3":0,"4":0,"5":0,"6":0,"7":0,"8":0,"9":0,"10":0,"11":0,"12":0,"13":0},"fnMap":{"1":{"name":"onlyClient","line":59,"loc":{"start":{"line":59,"column":5},"end":{"line":62,"column":4}}},"2":{"name":"onlyFreelancer","line":64,"loc":{"start":{"line":64,"column":4},"end":{"line":67,"column":4}}},"3":{"name":"onlyArbitrator","line":69,"loc":{"start":{"line":69,"column":4},"end":{"line":72,"column":4}}},"4":{"name":"inState","line":74,"loc":{"start":{"line":74,"column":4},"end":{"line":77,"column":4}}},"5":{"name":"createEscrow","line":80,"loc":{"start":{"line":80,"column":4},"end":{"line":109,"column":4}}},"6":{"name":"completeMilestone","line":112,"loc":{"start":{"line":112,"column":4},"end":{"line":119,"column":4}}},"7":{"name":"approveAndRelease","line":122,"loc":{"start":{"line":122,"column":4},"end":{"line":138,"column":4}}},"8":{"name":"raiseDispute","line":141,"loc":{"start":{"line":141,"column":4},"end":{"line":151,"column":4}}},"9":{"name":"resolveDispute","line":154,"loc":{"start":{"line":154,"column":4},"end":{"line":172,"column":4}}},"10":{"name":"refund","line":175,"loc":{"start":{"line":175,"column":4},"end":{"line":191,"column":4}}},"11":{"name":"getEscrowDetails","line":195,"loc":{"start":{"line":195,"column":5},"end":{"line":197,"column":4}}},"12":{"name":"getState","line":199,"loc":{"start":{"line":199,"column":4},"end":{"line":201,"column":4}}},"13":{"name":"getEscrowCounter","line":203,"loc":{"start":{"line":203,"column":4},"end":{"line":205,"column":4}}}},"statementMap":{"1":{"start":{"line":60,"column":8},"end":{"line":60,"column":77}},"2":{"start":{"line":65,"column":8},"end":{"line":65,"column":85}},"3":{"start":{"line":70,"column":8},"end":{"line":70,"column":85}},"4":{"start":{"line":75,"column":8},"end":{"line":75,"column":81}},"5":{"start":{"line":81,"column":8},"end":{"line":81,"column":61}},"6":{"start":{"line":82,"column":8},"end":{"line":82,"column":68}},"7":{"start":{"line":83,"column":8},"end":{"line":83,"column":68}},"8":{"start":{"line":84,"column":8},"end":{"line":84,"column":72}},"9":{"start":{"line":99,"column":8},"end":{"line":99,"column":3581}},"10":{"start":{"line":107,"column":8},"end":{"line":107,"column":28}},"11":{"start":{"line":118,"column":8},"end":{"line":118,"column":53}},"12":{"start":{"line":124,"column":8},"end":{"line":124,"column":67}},"13":{"start":{"line":126,"column":8},"end":{"line":126,"column":76}},"14":{"start":{"line":130,"column":8},"end":{"line":130,"column":38}},"15":{"start":{"line":134,"column":8},"end":{"line":134,"column":68}},"16":{"start":{"line":135,"column":8},"end":{"line":135,"column":52}},"17":{"start":{"line":137,"column":8},"end":{"line":137,"column":56}},"18":{"start":{"line":143,"column":8},"end":{"line":143,"column":5722}},"19":{"start":{"line":150,"column":8},"end":{"line":150,"column":48}},"20":{"start":{"line":156,"column":8},"end":{"line":156,"column":6484}},"21":{"start":{"line":161,"column":8},"end":{"line":161,"column":67}},"22":{"start":{"line":164,"column":8},"end":{"line":164,"column":38}},"23":{"start":{"line":167,"column":8},"end":{"line":167,"column":57}},"24":{"start":{"line":168,"column":8},"end":{"line":168,"column":52}},"25":{"start":{"line":170,"column":8},"end":{"line":170,"column":54}},"26":{"start":{"line":177,"column":8},"end":{"line":177,"column":7624}},"27":{"start":{"line":180,"column":8},"end":{"line":180,"column":67}},"28":{"start":{"line":183,"column":8},"end":{"line":183,"column":38}},"29":{"start":{"line":186,"column":8},"end":{"line":186,"column":64}},"30":{"start":{"line":187,"column":8},"end":{"line":187,"column":52}},"31":{"start":{"line":189,"column":8},"end":{"line":189,"column":54}},"32":{"start":{"line":196,"column":8},"end":{"line":196,"column":32}},"33":{"start":{"line":200,"column":8},"end":{"line":200,"column":45}},"34":{"start":{"line":204,"column":8},"end":{"line":204,"column":28}}},"branchMap":{"1":{"line":60,"type":"if","locations":[{"start":{"line":60,"column":8},"end":{"line":60,"column":8}},{"start":{"line":60,"column":8},"end":{"line":60,"column":8}}]},"2":{"line":65,"type":"if","locations":[{"start":{"line":65,"column":8},"end":{"line":65,"column":8}},{"start":{"line":65,"column":8},"end":{"line":65,"column":8}}]},"3":{"line":70,"type":"if","locations":[{"start":{"line":70,"column":8},"end":{"line":70,"column":8}},{"start":{"line":70,"column":8},"end":{"line":70,"column":8}}]},"4":{"line":75,"type":"if","locations":[{"start":{"line":75,"column":8},"end":{"line":75,"column":8}},{"start":{"line":75,"column":8},"end":{"line":75,"column":8}}]},"5":{"line":81,"type":"if","locations":[{"start":{"line":81,"column":8},"end":{"line":81,"column":8}},{"start":{"line":81,"column":8},"end":{"line":81,"column":8}}]},"6":{"line":82,"type":"if","locations":[{"start":{"line":82,"column":8},"end":{"line":82,"column":8}},{"start":{"line":82,"column":8},"end":{"line":82,"column":8}}]},"7":{"line":83,"type":"if","locations":[{"start":{"line":83,"column":8},"end":{"line":83,"column":8}},{"start":{"line":83,"column":8},"end":{"line":83,"column":8}}]},"8":{"line":84,"type":"if","locations":[{"start":{"line":84,"column":8},"end":{"line":84,"column":8}},{"start":{"line":84,"column":8},"end":{"line":84,"column":8}}]},"9":{"line":112,"type":"if","locations":[{"start":{"line":112,"column":67},"end":{"line":112,"column":67}},{"start":{"line":112,"column":67},"end":{"line":112,"column":67}}]},"10":{"line":112,"type":"if","locations":[{"start":{"line":112,"column":92},"end":{"line":112,"column":92}},{"start":{"line":112,"column":92},"end":{"line":112,"column":92}}]},"11":{"line":122,"type":"if","locations":[{"start":{"line":122,"column":67},"end":{"line":122,"column":67}},{"start":{"line":122,"column":67},"end":{"line":122,"column":67}}]},"12":{"line":122,"type":"if","locations":[{"start":{"line":122,"column":88},"end":{"line":122,"column":88}},{"start":{"line":122,"column":88},"end":{"line":122,"column":88}}]},"13":{"line":122,"type":"if","locations":[{"start":{"line":122,"column":137},"end":{"line":122,"column":137}},{"start":{"line":122,"column":137},"end":{"line":122,"column":137}}]},"14":{"line":126,"type":"if","locations":[{"start":{"line":126,"column":8},"end":{"line":126,"column":8}},{"start":{"line":126,"column":8},"end":{"line":126,"column":8}}]},"15":{"line":135,"type":"if","locations":[{"start":{"line":135,"column":8},"end":{"line":135,"column":8}},{"start":{"line":135,"column":8},"end":{"line":135,"column":8}}]},"16":{"line":141,"type":"if","locations":[{"start":{"line":141,"column":62},"end":{"line":141,"column":62}},{"start":{"line":141,"column":62},"end":{"line":141,"column":62}}]},"17":{"line":143,"type":"if","locations":[{"start":{"line":143,"column":8},"end":{"line":143,"column":8}},{"start":{"line":143,"column":8},"end":{"line":143,"column":8}}]},"18":{"line":154,"type":"if","locations":[{"start":{"line":154,"column":81},"end":{"line":154,"column":81}},{"start":{"line":154,"column":81},"end":{"line":154,"column":81}}]},"19":{"line":154,"type":"if","locations":[{"start":{"line":154,"column":129},"end":{"line":154,"column":129}},{"start":{"line":154,"column":129},"end":{"line":154,"column":129}}]},"20":{"line":154,"type":"if","locations":[{"start":{"line":154,"column":154},"end":{"line":154,"column":154}},{"start":{"line":154,"column":154},"end":{"line":154,"column":154}}]},"21":{"line":156,"type":"if","locations":[{"start":{"line":156,"column":8},"end":{"line":156,"column":8}},{"start":{"line":156,"column":8},"end":{"line":156,"column":8}}]},"22":{"line":168,"type":"if","locations":[{"start":{"line":168,"column":8},"end":{"line":168,"column":8}},{"start":{"line":168,"column":8},"end":{"line":168,"column":8}}]},"23":{"line":175,"type":"if","locations":[{"start":{"line":175,"column":56},"end":{"line":175,"column":56}},{"start":{"line":175,"column":56},"end":{"line":175,"column":56}}]},"24":{"line":175,"type":"if","locations":[{"start":{"line":175,"column":77},"end":{"line":175,"column":77}},{"start":{"line":175,"column":77},"end":{"line":175,"column":77}}]},"25":{"line":175,"type":"if","locations":[{"start":{"line":175,"column":124},"end":{"line":175,"column":124}},{"start":{"line":175,"column":124},"end":{"line":175,"column":124}}]},"26":{"line":177,"type":"if","locations":[{"start":{"line":177,"column":8},"end":{"line":177,"column":8}},{"start":{"line":177,"column":8},"end":{"line":177,"column":8}}]},"27":{"line":187,"type":"if","locations":[{"start":{"line":187,"column":8},"end":{"line":187,"column":8}},{"start":{"line":187,"column":8},"end":{"line":187,"column":8}}]}}},"contracts/interfaces/IEscrow.sol":{"l":{},"path":"/Users/hirushafernando/Documents/Solidity_Blockchain/Decentralised-Milestone-Payment-System/contracts/interfaces/IEscrow.sol","s":{},"b":{},"f":{},"fnMap":{},"statementMap":{},"branchMap":{}},"contracts/libraries/EscrowLibrary.sol":{"l":{"29":0},"path":"/Users/hirushafernando/Documents/Solidity_Blockchain/Decentralised-Milestone-Payment-System/contracts/libraries/EscrowLibrary.sol","s":{"1":0},"b":{},"f":{"1":0},"fnMap":{"1":{"name":"isValidState","line":28,"loc":{"start":{"line":28,"column":4},"end":{"line":30,"column":4}}}},"statementMap":{"1":{"start":{"line":29,"column":8},"end":{"line":29,"column":53}}},"branchMap":{}},"contracts/utils/Errors.sol":{"l":{},"path":"/Users/hirushafernando/Documents/Solidity_Blockchain/Decentralised-Milestone-Payment-System/contracts/utils/Errors.sol","s":{},"b":{},"f":{},"fnMap":{},"statementMap":{},"branchMap":{}}}